<?xml version="1.0" encoding="UTF-8"?>
<!-- Generated by org.testng.reporters.JUnitReportReporter -->
<testsuite hostname="DESKTOP-IA9V266" failures="0" tests="2" name="SeleniumFramework2.Data.CartMainRun" time="11.742" errors="0" timestamp="2024-03-16T09:03:57 GMT" skipped="0">
  <testcase classname="SeleniumFramework2.Data.CartMainRun" name="CartMainRun" time="6.126"/>
  <system-out/>
  <testcase classname="SeleniumFramework2.Data.CartMainRun" name="CartMainRun" time="5.616"/>
  <system-out/>
</testsuite> <!-- SeleniumFramework2.Data.CartMainRun -->
